Build started 9/20/2013 9:33:26 PM.
     1>Project "G:\GitHub\Project1-RayTracer\PROJ1_WIN\565Raytracer\565Raytracer.vcxproj" on node 2 (build target(s)).
     1>InitializeBuildStatus:
         Creating "Release (v5.5)\565Raytracer.unsuccessfulbuild" because "AlwaysCreate" was specified.
       AddCudaCompileDeps:
       Skipping target "AddCudaCompileDeps" because all output files are up-to-date with respect to the input files.
       AddCudaCompilePropsDeps:
       Skipping target "AddCudaCompilePropsDeps" because all output files are up-to-date with respect to the input files.
       CudaBuild:
       Skipping target "CudaBuild" because all output files are up-to-date with respect to the input files.
       ClCompile:
         All outputs are up-to-date.
         All outputs are up-to-date.
       Link:
         All outputs are up-to-date.
         565Raytracer.vcxproj -> G:\GitHub\Project1-RayTracer\PROJ1_WIN\Release (v5.5)\565Raytracer.exe
       FinalizeBuildStatus:
         Deleting file "Release (v5.5)\565Raytracer.unsuccessfulbuild".
         Touching "Release (v5.5)\565Raytracer.lastbuildstate".
     1>Done Building Project "G:\GitHub\Project1-RayTracer\PROJ1_WIN\565Raytracer\565Raytracer.vcxproj" (build target(s)).

Build succeeded.

Time Elapsed 00:00:00.09
